2021-08-11 10:31:59,894 INFO autoreload Watching for file changes with StatReloader
2021-08-11 10:32:06,612 INFO basehttp "GET /news/27 HTTP/1.1" 200 2756
2021-08-11 10:33:33,240 INFO autoreload C:\Users\inikishin\PycharmProjects\NewsPaper\NewsPaper\NewsPaper\settings.py changed, reloading.
2021-08-11 10:33:35,022 INFO autoreload Watching for file changes with StatReloader
2021-08-11 10:33:53,662 INFO autoreload C:\Users\inikishin\PycharmProjects\NewsPaper\NewsPaper\NewsPaper\settings.py changed, reloading.
2021-08-11 10:33:55,636 INFO autoreload Watching for file changes with StatReloader
2021-08-11 10:34:25,273 INFO autoreload C:\Users\inikishin\PycharmProjects\NewsPaper\NewsPaper\NewsPaper\settings.py changed, reloading.
2021-08-11 10:42:23,913 INFO autoreload Watching for file changes with StatReloader
2021-08-11 10:48:14,489 INFO autoreload C:\Users\inikishin\PycharmProjects\NewsPaper\NewsPaper\news\views.py changed, reloading.
2021-08-11 10:48:16,166 INFO autoreload Watching for file changes with StatReloader
2021-08-11 10:48:32,707 INFO autoreload C:\Users\inikishin\PycharmProjects\NewsPaper\NewsPaper\news\views.py changed, reloading.
2021-08-11 10:48:34,523 INFO autoreload Watching for file changes with StatReloader
2021-08-11 10:49:25,294 INFO autoreload C:\Users\inikishin\PycharmProjects\NewsPaper\NewsPaper\news\views.py changed, reloading.
2021-08-11 10:49:26,831 INFO autoreload Watching for file changes with StatReloader
2021-08-11 10:50:11,416 INFO autoreload C:\Users\inikishin\PycharmProjects\NewsPaper\NewsPaper\NewsPaper\settings.py changed, reloading.
2021-08-11 10:51:27,948 INFO autoreload Watching for file changes with StatReloader
2021-08-11 10:51:29,481 INFO views Open category_view with pk:1
2021-08-11 10:51:55,575 INFO autoreload C:\Users\inikishin\PycharmProjects\NewsPaper\NewsPaper\news\views.py changed, reloading.
2021-08-11 10:51:57,748 INFO autoreload Watching for file changes with StatReloader
2021-08-11 10:51:59,458 ERROR views Open category_view with pk:1
2021-08-11 10:52:33,747 INFO autoreload C:\Users\inikishin\PycharmProjects\NewsPaper\NewsPaper\news\views.py changed, reloading.
2021-08-11 10:52:35,356 INFO autoreload Watching for file changes with StatReloader
2021-08-11 10:53:01,175 INFO autoreload C:\Users\inikishin\PycharmProjects\NewsPaper\NewsPaper\news\views.py changed, reloading.
2021-08-11 10:53:03,080 INFO autoreload Watching for file changes with StatReloader
